Using pre-set license
Built from '2020.3/staging' branch; Version is '2020.3.11f1 (99c7afb366b3) revision 10078127'; Using compiler version '192528614'; Build Type 'Release'
OS: 'Windows 10 Pro; OS build 19041.1052; Version 2004; 64bit' Language: 'es' Physical Memory: 8128 MB
BatchMode: 1, IsHumanControllingUs: 0, StartBugReporterOnCrash: 0, Is64bit: 1, IsPro: 0

 COMMAND LINE ARGUMENTS:
C:\Program Files\Unity\Hub\Editor\2020.3.11f1\Editor\Unity.exe
-adb2
-batchMode
-noUpm
-name
AssetImportWorker0
-projectPath
C:/Users/Alfonso/Documents/GitHub/Data-Persistence-Project
-logFile
Logs/AssetImportWorker0.log
-srvPort
50799
Successfully changed project path to: C:/Users/Alfonso/Documents/GitHub/Data-Persistence-Project
C:/Users/Alfonso/Documents/GitHub/Data-Persistence-Project
Using Asset Import Pipeline V2.
Refreshing native plugins compatible for Editor in 44.23 ms, found 2 plugins.
Preloading 0 native plugins for Editor in 0.00 ms.
Initialize engine version: 2020.3.11f1 (99c7afb366b3)
[Subsystems] Discovering subsystems at path C:/Program Files/Unity/Hub/Editor/2020.3.11f1/Editor/Data/Resources/UnitySubsystems
[Subsystems] Discovering subsystems at path C:/Users/Alfonso/Documents/GitHub/Data-Persistence-Project/Assets
GfxDevice: creating device client; threaded=0
Direct3D:
    Version:  Direct3D 11.0 [level 11.1]
    Renderer: NVIDIA GeForce GTX 1050 Ti (ID=0x1c82)
    Vendor:   
    VRAM:     4018 MB
    Driver:   27.21.14.5671
Shader 'Universal Render Pipeline/Particles/Lit': fallback shader 'Universal Render Pipeline/Particles/SimpleLit' not found
Initialize mono
Mono path[0] = 'C:/Program Files/Unity/Hub/Editor/2020.3.11f1/Editor/Data/Managed'
Mono path[1] = 'C:/Program Files/Unity/Hub/Editor/2020.3.11f1/Editor/Data/MonoBleedingEdge/lib/mono/unityjit'
Mono config path = 'C:/Program Files/Unity/Hub/Editor/2020.3.11f1/Editor/Data/MonoBleedingEdge/etc'
Using monoOptions --debugger-agent=transport=dt_socket,embedding=1,server=y,suspend=n,address=127.0.0.1:56688
Begin MonoManager ReloadAssembly
Registering precompiled unity dll's ...
Register platform support module: C:/Program Files/Unity/Hub/Editor/2020.3.11f1/Editor/Data/PlaybackEngines/WebGLSupport/UnityEditor.WebGL.Extensions.dll
Register platform support module: C:/Program Files/Unity/Hub/Editor/2020.3.11f1/Editor/Data/PlaybackEngines/WindowsStandaloneSupport/UnityEditor.WindowsStandalone.Extensions.dll
Registered in 0.002687 seconds.
Native extension for WindowsStandalone target not found
Native extension for WebGL target not found
Refreshing native plugins compatible for Editor in 41.31 ms, found 2 plugins.
Preloading 0 native plugins for Editor in 0.00 ms.
Mono: successfully reloaded assembly
- Completed reload, in  1.126 seconds
Platform modules already initialized, skipping
Registering precompiled user dll's ...
Registered in 0.005839 seconds.
Begin MonoManager ReloadAssembly
Native extension for WindowsStandalone target not found
Native extension for WebGL target not found
Refreshing native plugins compatible for Editor in 42.88 ms, found 2 plugins.
Preloading 0 native plugins for Editor in 0.00 ms.
Mono: successfully reloaded assembly
- Completed reload, in  1.077 seconds
Platform modules already initialized, skipping
========================================================================
Worker process is ready to serve import requests
Shader 'Universal Render Pipeline/Particles/Lit': fallback shader 'Universal Render Pipeline/Particles/SimpleLit' not found
Launched and connected shader compiler UnityShaderCompiler.exe after 0.04 seconds
Refreshing native plugins compatible for Editor in 0.48 ms, found 2 plugins.
Preloading 0 native plugins for Editor in 0.00 ms.
Unloading 2693 Unused Serialized files (Serialized files now loaded: 0)
System memory in use before: 121.8 MB.
System memory in use after: 122.0 MB.

Unloading 19 unused Assets to reduce memory usage. Loaded Objects now: 3126.
Total: 2.385700 ms (FindLiveObjects: 0.245600 ms CreateObjectMapping: 0.124500 ms MarkObjects: 1.952500 ms  DeleteObjects: 0.061900 ms)

========================================================================
Received Import Request.
  path: Assets/Scenes/Start Menu.unity
  artifactKey: Guid(57d0cf2ebe1711544b0afa7ccb463b10) Importer(815301076,1909f56bfc062723c751e8b465ee728b)
Start importing Assets/Scenes/Start Menu.unity using Guid(57d0cf2ebe1711544b0afa7ccb463b10) Importer(815301076,1909f56bfc062723c751e8b465ee728b)  -> (artifact id: 'b47b61d355672365ba614a7228d65e8d') in 0.013974 seconds
  Import took 0.017670 seconds .

========================================================================
Received Import Request.
  Time since last request: 273.172623 seconds.
  path: Assets/Scripts/MainManager.cs
  artifactKey: Guid(d110623a642692246a42fbc2d8d89884) Importer(815301076,1909f56bfc062723c751e8b465ee728b)
Start importing Assets/Scripts/MainManager.cs using Guid(d110623a642692246a42fbc2d8d89884) Importer(815301076,1909f56bfc062723c751e8b465ee728b)  -> (artifact id: 'f40b51ca6a1f4ab1f392e76f352a0a64') in 0.034452 seconds
  Import took 0.039498 seconds .

========================================================================
Received Import Request.
  Time since last request: 0.001116 seconds.
  path: Assets/Scripts/MainManager.cs
  artifactKey: Guid(d110623a642692246a42fbc2d8d89884) Importer(815301076,1909f56bfc062723c751e8b465ee728b)
Start importing Assets/Scripts/MainManager.cs using Guid(d110623a642692246a42fbc2d8d89884) Importer(815301076,1909f56bfc062723c751e8b465ee728b)  -> (artifact id: 'f40b51ca6a1f4ab1f392e76f352a0a64') in 0.001885 seconds
  Import took 0.006096 seconds .

========================================================================
Received Import Request.
  Time since last request: 100.630151 seconds.
  path: Assets/Scripts
  artifactKey: Guid(02a3527b6b33a924e8ec66aa805ea717) Importer(815301076,1909f56bfc062723c751e8b465ee728b)
Start importing Assets/Scripts using Guid(02a3527b6b33a924e8ec66aa805ea717) Importer(815301076,1909f56bfc062723c751e8b465ee728b)  -> (artifact id: 'f0a913a0049096cde5d6a727232f232f') in 0.002440 seconds
  Import took 0.007264 seconds .

========================================================================
Received Import Request.
  Time since last request: 0.001010 seconds.
  path: Assets/Scripts
  artifactKey: Guid(02a3527b6b33a924e8ec66aa805ea717) Importer(815301076,1909f56bfc062723c751e8b465ee728b)
Start importing Assets/Scripts using Guid(02a3527b6b33a924e8ec66aa805ea717) Importer(815301076,1909f56bfc062723c751e8b465ee728b)  -> (artifact id: 'f0a913a0049096cde5d6a727232f232f') in 0.001666 seconds
  Import took 0.005833 seconds .

========================================================================
Received Import Request.
  Time since last request: 22.438800 seconds.
  path: Assets/Scripts/UIStartMenuManager.cs
  artifactKey: Guid(2e6eb760fc80f7844a1aac427234cc6e) Importer(815301076,1909f56bfc062723c751e8b465ee728b)
Start importing Assets/Scripts/UIStartMenuManager.cs using Guid(2e6eb760fc80f7844a1aac427234cc6e) Importer(815301076,1909f56bfc062723c751e8b465ee728b)  -> (artifact id: '5363dbabd957cb3cc8582f985482f2c6') in 0.001994 seconds
  Import took 0.006591 seconds .

========================================================================
Received Prepare
Registering precompiled user dll's ...
Registered in 0.005244 seconds.
Begin MonoManager ReloadAssembly
Native extension for WindowsStandalone target not found
Native extension for WebGL target not found
Refreshing native plugins compatible for Editor in 0.48 ms, found 2 plugins.
Preloading 0 native plugins for Editor in 0.00 ms.
Mono: successfully reloaded assembly
- Completed reload, in  0.974 seconds
Platform modules already initialized, skipping
Shader 'Universal Render Pipeline/Particles/Lit': fallback shader 'Universal Render Pipeline/Particles/SimpleLit' not found
Refreshing native plugins compatible for Editor in 0.47 ms, found 2 plugins.
Preloading 0 native plugins for Editor in 0.00 ms.
Unloading 2585 Unused Serialized files (Serialized files now loaded: 0)
System memory in use before: 114.9 MB.
System memory in use after: 115.1 MB.

Unloading 14 unused Assets to reduce memory usage. Loaded Objects now: 3130.
Total: 2.627100 ms (FindLiveObjects: 0.314100 ms CreateObjectMapping: 0.132700 ms MarkObjects: 2.148400 ms  DeleteObjects: 0.030400 ms)

========================================================================
Received Prepare
Registering precompiled user dll's ...
Registered in 0.005272 seconds.
Begin MonoManager ReloadAssembly
Native extension for WindowsStandalone target not found
Native extension for WebGL target not found
Refreshing native plugins compatible for Editor in 0.47 ms, found 2 plugins.
Preloading 0 native plugins for Editor in 0.00 ms.
Mono: successfully reloaded assembly
- Completed reload, in  0.980 seconds
Platform modules already initialized, skipping
Shader 'Universal Render Pipeline/Particles/Lit': fallback shader 'Universal Render Pipeline/Particles/SimpleLit' not found
Refreshing native plugins compatible for Editor in 0.49 ms, found 2 plugins.
Preloading 0 native plugins for Editor in 0.00 ms.
Unloading 2585 Unused Serialized files (Serialized files now loaded: 0)
System memory in use before: 114.9 MB.
System memory in use after: 115.2 MB.

Unloading 14 unused Assets to reduce memory usage. Loaded Objects now: 3133.
Total: 2.443400 ms (FindLiveObjects: 0.252300 ms CreateObjectMapping: 0.120300 ms MarkObjects: 1.988900 ms  DeleteObjects: 0.080900 ms)

========================================================================
Received Import Request.
  Time since last request: 37.376054 seconds.
  path: Assets/Scripts/UIStartMenuManager.cs
  artifactKey: Guid(2e6eb760fc80f7844a1aac427234cc6e) Importer(815301076,1909f56bfc062723c751e8b465ee728b)
Start importing Assets/Scripts/UIStartMenuManager.cs using Guid(2e6eb760fc80f7844a1aac427234cc6e) Importer(815301076,1909f56bfc062723c751e8b465ee728b)  -> (artifact id: '27a5f84de2210fbb27ad20deba032d29') in 0.004990 seconds
  Import took 0.009586 seconds .

========================================================================
Received Import Request.
  Time since last request: 31.928998 seconds.
  path: Assets/Scripts/UIStartMenuManager.cs
  artifactKey: Guid(2e6eb760fc80f7844a1aac427234cc6e) Importer(815301076,1909f56bfc062723c751e8b465ee728b)
Start importing Assets/Scripts/UIStartMenuManager.cs using Guid(2e6eb760fc80f7844a1aac427234cc6e) Importer(815301076,1909f56bfc062723c751e8b465ee728b)  -> (artifact id: '06f2ce81024daeceb28dbbe01a7feb95') in 0.003234 seconds
  Import took 0.008917 seconds .

========================================================================
Received Import Request.
  Time since last request: 0.003110 seconds.
  path: Assets/Scripts/UIStartMenuManager.cs
  artifactKey: Guid(2e6eb760fc80f7844a1aac427234cc6e) Importer(815301076,1909f56bfc062723c751e8b465ee728b)
Start importing Assets/Scripts/UIStartMenuManager.cs using Guid(2e6eb760fc80f7844a1aac427234cc6e) Importer(815301076,1909f56bfc062723c751e8b465ee728b)  -> (artifact id: '06f2ce81024daeceb28dbbe01a7feb95') in 0.001856 seconds
  Import took 0.006199 seconds .

========================================================================
Received Import Request.
  Time since last request: 34.116241 seconds.
  path: Assets/Scripts/GameManager.cs
  artifactKey: Guid(501cca6f0873bdb409515af1cafe88f3) Importer(815301076,1909f56bfc062723c751e8b465ee728b)
Start importing Assets/Scripts/GameManager.cs using Guid(501cca6f0873bdb409515af1cafe88f3) Importer(815301076,1909f56bfc062723c751e8b465ee728b)  -> (artifact id: 'b9dfc01298c5b0923bb3ce5b97c7a3fd') in 0.004529 seconds
  Import took 0.010093 seconds .

========================================================================
Received Prepare
Registering precompiled user dll's ...
Registered in 0.005283 seconds.
Begin MonoManager ReloadAssembly
Native extension for WindowsStandalone target not found
Native extension for WebGL target not found
Refreshing native plugins compatible for Editor in 0.47 ms, found 2 plugins.
Preloading 0 native plugins for Editor in 0.00 ms.
Mono: successfully reloaded assembly
- Completed reload, in  0.961 seconds
Platform modules already initialized, skipping
Shader 'Universal Render Pipeline/Particles/Lit': fallback shader 'Universal Render Pipeline/Particles/SimpleLit' not found
Refreshing native plugins compatible for Editor in 0.49 ms, found 2 plugins.
Preloading 0 native plugins for Editor in 0.00 ms.
Unloading 2586 Unused Serialized files (Serialized files now loaded: 0)
System memory in use before: 115.0 MB.
System memory in use after: 115.2 MB.

Unloading 14 unused Assets to reduce memory usage. Loaded Objects now: 3137.
Total: 2.259300 ms (FindLiveObjects: 0.237700 ms CreateObjectMapping: 0.116300 ms MarkObjects: 1.883600 ms  DeleteObjects: 0.020800 ms)

========================================================================
Received Import Request.
  Time since last request: 59.176804 seconds.
  path: Assets/Scripts/UIStartMenuManager.cs
  artifactKey: Guid(2e6eb760fc80f7844a1aac427234cc6e) Importer(815301076,1909f56bfc062723c751e8b465ee728b)
Start importing Assets/Scripts/UIStartMenuManager.cs using Guid(2e6eb760fc80f7844a1aac427234cc6e) Importer(815301076,1909f56bfc062723c751e8b465ee728b)  -> (artifact id: '1f77c9f4bb88251e399cda0526477d46') in 0.006064 seconds
  Import took 0.011666 seconds .

========================================================================
Received Prepare
Registering precompiled user dll's ...
Registered in 0.005431 seconds.
Begin MonoManager ReloadAssembly
Native extension for WindowsStandalone target not found
Native extension for WebGL target not found
Refreshing native plugins compatible for Editor in 0.47 ms, found 2 plugins.
Preloading 0 native plugins for Editor in 0.00 ms.
Mono: successfully reloaded assembly
- Completed reload, in  1.009 seconds
Platform modules already initialized, skipping
Shader 'Universal Render Pipeline/Particles/Lit': fallback shader 'Universal Render Pipeline/Particles/SimpleLit' not found
Refreshing native plugins compatible for Editor in 0.52 ms, found 2 plugins.
Preloading 0 native plugins for Editor in 0.00 ms.
Unloading 2586 Unused Serialized files (Serialized files now loaded: 0)
System memory in use before: 115.0 MB.
System memory in use after: 115.2 MB.

Unloading 14 unused Assets to reduce memory usage. Loaded Objects now: 3140.
Total: 2.569300 ms (FindLiveObjects: 0.256600 ms CreateObjectMapping: 0.123300 ms MarkObjects: 2.165600 ms  DeleteObjects: 0.022800 ms)

========================================================================
Received Import Request.
  Time since last request: 100.364293 seconds.
  path: Assets/Scripts/UIStartMenuManager.cs
  artifactKey: Guid(2e6eb760fc80f7844a1aac427234cc6e) Importer(815301076,1909f56bfc062723c751e8b465ee728b)
Start importing Assets/Scripts/UIStartMenuManager.cs using Guid(2e6eb760fc80f7844a1aac427234cc6e) Importer(815301076,1909f56bfc062723c751e8b465ee728b)  -> (artifact id: 'b46383c4f76d771c3494217c52cd934b') in 0.005053 seconds
  Import took 0.009572 seconds .

========================================================================
Received Prepare
Registering precompiled user dll's ...
Registered in 0.005959 seconds.
Begin MonoManager ReloadAssembly
Native extension for WindowsStandalone target not found
Native extension for WebGL target not found
Refreshing native plugins compatible for Editor in 0.47 ms, found 2 plugins.
Preloading 0 native plugins for Editor in 0.00 ms.
Mono: successfully reloaded assembly
- Completed reload, in  0.978 seconds
Platform modules already initialized, skipping
Shader 'Universal Render Pipeline/Particles/Lit': fallback shader 'Universal Render Pipeline/Particles/SimpleLit' not found
Refreshing native plugins compatible for Editor in 0.48 ms, found 2 plugins.
Preloading 0 native plugins for Editor in 0.00 ms.
Unloading 2586 Unused Serialized files (Serialized files now loaded: 0)
System memory in use before: 115.0 MB.
System memory in use after: 115.2 MB.

Unloading 14 unused Assets to reduce memory usage. Loaded Objects now: 3143.
Total: 2.291900 ms (FindLiveObjects: 0.256000 ms CreateObjectMapping: 0.119800 ms MarkObjects: 1.891500 ms  DeleteObjects: 0.023700 ms)

========================================================================
Received Import Request.
  Time since last request: 364.487698 seconds.
  path: Assets/Scripts/UIStartMenuManager.cs
  artifactKey: Guid(2e6eb760fc80f7844a1aac427234cc6e) Importer(815301076,1909f56bfc062723c751e8b465ee728b)
Start importing Assets/Scripts/UIStartMenuManager.cs using Guid(2e6eb760fc80f7844a1aac427234cc6e) Importer(815301076,1909f56bfc062723c751e8b465ee728b)  -> (artifact id: '8525e1f196c113bd467c196cd574cbd4') in 0.004797 seconds
  Import took 0.009684 seconds .

========================================================================
Received Import Request.
  Time since last request: 44.119659 seconds.
  path: Assets/Scenes/Start Menu.unity
  artifactKey: Guid(57d0cf2ebe1711544b0afa7ccb463b10) Importer(815301076,1909f56bfc062723c751e8b465ee728b)
Start importing Assets/Scenes/Start Menu.unity using Guid(57d0cf2ebe1711544b0afa7ccb463b10) Importer(815301076,1909f56bfc062723c751e8b465ee728b)  -> (artifact id: '220b4b55ccd03faff4dbc46956d5d1dd') in 0.024545 seconds
  Import took 0.030100 seconds .

========================================================================
Received Import Request.
  Time since last request: 321.178820 seconds.
  path: Assets/Materials/Brick.mat
  artifactKey: Guid(5ece0b49f1ea03d41b4d2d9863527d99) Importer(815301076,1909f56bfc062723c751e8b465ee728b)
Start importing Assets/Materials/Brick.mat using Guid(5ece0b49f1ea03d41b4d2d9863527d99) Importer(815301076,1909f56bfc062723c751e8b465ee728b)  -> (artifact id: '6f1893116a2999acb4f169bfb1128c7e') in 0.189481 seconds
  Import took 0.195312 seconds .

========================================================================
Received Import Request.
  Time since last request: 0.000287 seconds.
  path: Assets/Materials/DeathZone.mat
  artifactKey: Guid(b171e0a86dd2cfb4d92092061cb1d5f1) Importer(815301076,1909f56bfc062723c751e8b465ee728b)
Start importing Assets/Materials/DeathZone.mat using Guid(b171e0a86dd2cfb4d92092061cb1d5f1) Importer(815301076,1909f56bfc062723c751e8b465ee728b)  -> (artifact id: 'fb252431dd7fd8d9e0a5dd737e4aa127') in 0.008476 seconds
  Import took 0.013423 seconds .

========================================================================
Received Prepare
Registering precompiled user dll's ...
Registered in 0.005298 seconds.
Begin MonoManager ReloadAssembly
Native extension for WindowsStandalone target not found
Native extension for WebGL target not found
Refreshing native plugins compatible for Editor in 0.48 ms, found 2 plugins.
Preloading 0 native plugins for Editor in 0.00 ms.
Mono: successfully reloaded assembly
- Completed reload, in  1.010 seconds
Platform modules already initialized, skipping
Shader 'Universal Render Pipeline/Particles/Lit': fallback shader 'Universal Render Pipeline/Particles/SimpleLit' not found
Refreshing native plugins compatible for Editor in 0.48 ms, found 2 plugins.
Preloading 0 native plugins for Editor in 0.00 ms.
Unloading 2586 Unused Serialized files (Serialized files now loaded: 0)
System memory in use before: 120.4 MB.
System memory in use after: 120.6 MB.

Unloading 14 unused Assets to reduce memory usage. Loaded Objects now: 3224.
Total: 2.226200 ms (FindLiveObjects: 0.244500 ms CreateObjectMapping: 0.111900 ms MarkObjects: 1.848400 ms  DeleteObjects: 0.020300 ms)

========================================================================
Received Import Request.
  Time since last request: 20.201265 seconds.
  path: Assets/Materials/UI_Background.mat
  artifactKey: Guid(bbcb1e8ed32d427458bc548b1988e23d) Importer(815301076,1909f56bfc062723c751e8b465ee728b)
Start importing Assets/Materials/UI_Background.mat using Guid(bbcb1e8ed32d427458bc548b1988e23d) Importer(815301076,1909f56bfc062723c751e8b465ee728b)  -> (artifact id: 'ef84990500c8f20d496ef238fafd5019') in 0.152012 seconds
  Import took 0.156681 seconds .

========================================================================
Received Prepare
Registering precompiled user dll's ...
Registered in 0.006581 seconds.
Begin MonoManager ReloadAssembly
Native extension for WindowsStandalone target not found
Native extension for WebGL target not found
Refreshing native plugins compatible for Editor in 0.78 ms, found 2 plugins.
Preloading 0 native plugins for Editor in 0.00 ms.
Mono: successfully reloaded assembly
- Completed reload, in  1.010 seconds
Platform modules already initialized, skipping
Shader 'Universal Render Pipeline/Particles/Lit': fallback shader 'Universal Render Pipeline/Particles/SimpleLit' not found
Refreshing native plugins compatible for Editor in 0.49 ms, found 2 plugins.
Preloading 0 native plugins for Editor in 0.00 ms.
Unloading 2586 Unused Serialized files (Serialized files now loaded: 0)
System memory in use before: 120.5 MB.
System memory in use after: 120.7 MB.

Unloading 14 unused Assets to reduce memory usage. Loaded Objects now: 3263.
Total: 2.928800 ms (FindLiveObjects: 0.254700 ms CreateObjectMapping: 0.112300 ms MarkObjects: 2.504400 ms  DeleteObjects: 0.056200 ms)

========================================================================
Received Import Request.
  Time since last request: 724.099161 seconds.
  path: Assets/Materials/UI_Background.mat
  artifactKey: Guid(bbcb1e8ed32d427458bc548b1988e23d) Importer(815301076,1909f56bfc062723c751e8b465ee728b)
Start importing Assets/Materials/UI_Background.mat using Guid(bbcb1e8ed32d427458bc548b1988e23d) Importer(815301076,1909f56bfc062723c751e8b465ee728b)  -> (artifact id: '7ee0d11385ee4a3f3416529d4605de79') in 0.146608 seconds
  Import took 0.152291 seconds .

========================================================================
Received Prepare
Registering precompiled user dll's ...
Registered in 0.005687 seconds.
Begin MonoManager ReloadAssembly
Native extension for WindowsStandalone target not found
Native extension for WebGL target not found
Refreshing native plugins compatible for Editor in 0.49 ms, found 2 plugins.
Preloading 0 native plugins for Editor in 0.00 ms.
Mono: successfully reloaded assembly
- Completed reload, in  1.100 seconds
Platform modules already initialized, skipping
Shader 'Universal Render Pipeline/Particles/Lit': fallback shader 'Universal Render Pipeline/Particles/SimpleLit' not found
Refreshing native plugins compatible for Editor in 0.50 ms, found 2 plugins.
Preloading 0 native plugins for Editor in 0.00 ms.
Unloading 2586 Unused Serialized files (Serialized files now loaded: 0)
System memory in use before: 120.6 MB.
System memory in use after: 120.8 MB.

Unloading 14 unused Assets to reduce memory usage. Loaded Objects now: 3302.
Total: 2.751700 ms (FindLiveObjects: 0.295000 ms CreateObjectMapping: 0.125900 ms MarkObjects: 2.304400 ms  DeleteObjects: 0.025300 ms)

========================================================================
Received Import Request.
  Time since last request: 321.636938 seconds.
  path: Assets/Scripts/MainManager.cs
  artifactKey: Guid(d110623a642692246a42fbc2d8d89884) Importer(815301076,1909f56bfc062723c751e8b465ee728b)
Start importing Assets/Scripts/MainManager.cs using Guid(d110623a642692246a42fbc2d8d89884) Importer(815301076,1909f56bfc062723c751e8b465ee728b)  -> (artifact id: '7bad53eae03da796a83a838a3694c62a') in 0.006746 seconds
  Import took 0.011539 seconds .

========================================================================
Received Import Request.
  Time since last request: 0.001420 seconds.
  path: Assets/Scripts/MainManager.cs
  artifactKey: Guid(d110623a642692246a42fbc2d8d89884) Importer(815301076,1909f56bfc062723c751e8b465ee728b)
Start importing Assets/Scripts/MainManager.cs using Guid(d110623a642692246a42fbc2d8d89884) Importer(815301076,1909f56bfc062723c751e8b465ee728b)  -> (artifact id: '7bad53eae03da796a83a838a3694c62a') in 0.001859 seconds
  Import took 0.006151 seconds .

========================================================================
Received Prepare
Registering precompiled user dll's ...
Registered in 0.005137 seconds.
Begin MonoManager ReloadAssembly
Native extension for WindowsStandalone target not found
Native extension for WebGL target not found
Refreshing native plugins compatible for Editor in 0.49 ms, found 2 plugins.
Preloading 0 native plugins for Editor in 0.00 ms.
Mono: successfully reloaded assembly
- Completed reload, in  1.101 seconds
Platform modules already initialized, skipping
Shader 'Universal Render Pipeline/Particles/Lit': fallback shader 'Universal Render Pipeline/Particles/SimpleLit' not found
Refreshing native plugins compatible for Editor in 0.48 ms, found 2 plugins.
Preloading 0 native plugins for Editor in 0.00 ms.
Unloading 2586 Unused Serialized files (Serialized files now loaded: 0)
System memory in use before: 120.6 MB.
System memory in use after: 120.8 MB.

Unloading 14 unused Assets to reduce memory usage. Loaded Objects now: 3305.
Total: 2.991100 ms (FindLiveObjects: 0.293200 ms CreateObjectMapping: 0.134600 ms MarkObjects: 2.512000 ms  DeleteObjects: 0.049800 ms)

========================================================================
Received Import Request.
  Time since last request: 63.893964 seconds.
  path: Assets/Scripts/MainManager.cs
  artifactKey: Guid(d110623a642692246a42fbc2d8d89884) Importer(815301076,1909f56bfc062723c751e8b465ee728b)
Start importing Assets/Scripts/MainManager.cs using Guid(d110623a642692246a42fbc2d8d89884) Importer(815301076,1909f56bfc062723c751e8b465ee728b)  -> (artifact id: '54c42659c8388d50f6ad74d4d4aaa501') in 0.005533 seconds
  Import took 0.010447 seconds .

========================================================================
Received Import Request.
  Time since last request: 5.951948 seconds.
  path: Assets/Settings/ForwardRenderer.asset
  artifactKey: Guid(4a8e21d5c33334b11b34a596161b9360) Importer(815301076,1909f56bfc062723c751e8b465ee728b)
Start importing Assets/Settings/ForwardRenderer.asset using Guid(4a8e21d5c33334b11b34a596161b9360) Importer(815301076,1909f56bfc062723c751e8b465ee728b)  -> (artifact id: '2807e69f866dd67ed2ab5385a03bd32f') in 0.018011 seconds
  Import took 0.022554 seconds .

========================================================================
Received Import Request.
  Time since last request: 0.000295 seconds.
  path: Assets/Settings/UniversalRP-LowQuality.asset
  artifactKey: Guid(a31e9f9f9c9d4b9429ed0d1234e22103) Importer(815301076,1909f56bfc062723c751e8b465ee728b)
Start importing Assets/Settings/UniversalRP-LowQuality.asset using Guid(a31e9f9f9c9d4b9429ed0d1234e22103) Importer(815301076,1909f56bfc062723c751e8b465ee728b)  -> (artifact id: '177cecf847260b11228d82849888d535') in 0.003561 seconds
  Import took 0.008747 seconds .

========================================================================
Received Import Request.
  Time since last request: 1.603388 seconds.
  path: Assets/Scenes/Start Menu.unity
  artifactKey: Guid(57d0cf2ebe1711544b0afa7ccb463b10) Importer(815301076,1909f56bfc062723c751e8b465ee728b)
Start importing Assets/Scenes/Start Menu.unity using Guid(57d0cf2ebe1711544b0afa7ccb463b10) Importer(815301076,1909f56bfc062723c751e8b465ee728b)  -> (artifact id: '59b95494732af09fbb1183d0ddd474cd') in 0.002287 seconds
  Import took 0.007779 seconds .

========================================================================
Received Prepare
Registering precompiled user dll's ...
Registered in 0.005138 seconds.
Begin MonoManager ReloadAssembly
Native extension for WindowsStandalone target not found
Native extension for WebGL target not found
Refreshing native plugins compatible for Editor in 0.50 ms, found 2 plugins.
Preloading 0 native plugins for Editor in 0.00 ms.
Mono: successfully reloaded assembly
- Completed reload, in  1.022 seconds
Platform modules already initialized, skipping
Shader 'Universal Render Pipeline/Particles/Lit': fallback shader 'Universal Render Pipeline/Particles/SimpleLit' not found
Refreshing native plugins compatible for Editor in 0.70 ms, found 2 plugins.
Preloading 0 native plugins for Editor in 0.00 ms.
Unloading 2588 Unused Serialized files (Serialized files now loaded: 0)
System memory in use before: 120.7 MB.
System memory in use after: 120.9 MB.

Unloading 14 unused Assets to reduce memory usage. Loaded Objects now: 3310.
Total: 2.909200 ms (FindLiveObjects: 0.427000 ms CreateObjectMapping: 0.170800 ms MarkObjects: 2.288300 ms  DeleteObjects: 0.021900 ms)

========================================================================
Received Prepare
Registering precompiled user dll's ...
Registered in 0.005132 seconds.
Begin MonoManager ReloadAssembly
Native extension for WindowsStandalone target not found
Native extension for WebGL target not found
Refreshing native plugins compatible for Editor in 0.46 ms, found 2 plugins.
Preloading 0 native plugins for Editor in 0.00 ms.
Mono: successfully reloaded assembly
- Completed reload, in  0.995 seconds
Platform modules already initialized, skipping
Shader 'Universal Render Pipeline/Particles/Lit': fallback shader 'Universal Render Pipeline/Particles/SimpleLit' not found
Refreshing native plugins compatible for Editor in 0.49 ms, found 2 plugins.
Preloading 0 native plugins for Editor in 0.00 ms.
Unloading 2586 Unused Serialized files (Serialized files now loaded: 0)
System memory in use before: 120.6 MB.
System memory in use after: 120.9 MB.

Unloading 14 unused Assets to reduce memory usage. Loaded Objects now: 3313.
Total: 2.528100 ms (FindLiveObjects: 0.371000 ms CreateObjectMapping: 0.126400 ms MarkObjects: 2.011700 ms  DeleteObjects: 0.018100 ms)

========================================================================
Received Import Request.
  Time since last request: 133.399365 seconds.
  path: Assets/Scripts/MainManager.cs
  artifactKey: Guid(d110623a642692246a42fbc2d8d89884) Importer(815301076,1909f56bfc062723c751e8b465ee728b)
Start importing Assets/Scripts/MainManager.cs using Guid(d110623a642692246a42fbc2d8d89884) Importer(815301076,1909f56bfc062723c751e8b465ee728b)  -> (artifact id: '554019e3050d53f74cbf48649140638c') in 0.006889 seconds
  Import took 0.011730 seconds .

========================================================================
Received Prepare
Registering precompiled user dll's ...
Registered in 0.005295 seconds.
Begin MonoManager ReloadAssembly
Native extension for WindowsStandalone target not found
Native extension for WebGL target not found
Refreshing native plugins compatible for Editor in 0.50 ms, found 2 plugins.
Preloading 0 native plugins for Editor in 0.00 ms.
Mono: successfully reloaded assembly
- Completed reload, in  1.027 seconds
Platform modules already initialized, skipping
Shader 'Universal Render Pipeline/Particles/Lit': fallback shader 'Universal Render Pipeline/Particles/SimpleLit' not found
Refreshing native plugins compatible for Editor in 0.49 ms, found 2 plugins.
Preloading 0 native plugins for Editor in 0.00 ms.
Unloading 2586 Unused Serialized files (Serialized files now loaded: 0)
System memory in use before: 120.6 MB.
System memory in use after: 120.9 MB.

Unloading 14 unused Assets to reduce memory usage. Loaded Objects now: 3316.
Total: 2.489200 ms (FindLiveObjects: 0.285300 ms CreateObjectMapping: 0.127200 ms MarkObjects: 2.056600 ms  DeleteObjects: 0.019100 ms)

========================================================================
Received Import Request.
  Time since last request: 49.473651 seconds.
  path: Assets/Scripts/UIStartMenuManager.cs
  artifactKey: Guid(2e6eb760fc80f7844a1aac427234cc6e) Importer(815301076,1909f56bfc062723c751e8b465ee728b)
Start importing Assets/Scripts/UIStartMenuManager.cs using Guid(2e6eb760fc80f7844a1aac427234cc6e) Importer(815301076,1909f56bfc062723c751e8b465ee728b)  -> (artifact id: 'cd847da835850757a107b79261fd6727') in 0.005115 seconds
  Import took 0.009295 seconds .

========================================================================
Received Import Request.
  Time since last request: 1.006932 seconds.
  path: Assets/Scripts/UIStartMenuManager.cs
  artifactKey: Guid(2e6eb760fc80f7844a1aac427234cc6e) Importer(815301076,1909f56bfc062723c751e8b465ee728b)
Start importing Assets/Scripts/UIStartMenuManager.cs using Guid(2e6eb760fc80f7844a1aac427234cc6e) Importer(815301076,1909f56bfc062723c751e8b465ee728b)  -> (artifact id: 'cd847da835850757a107b79261fd6727') in 0.001989 seconds
  Import took 0.005973 seconds .

========================================================================
Received Prepare
Registering precompiled user dll's ...
Registered in 0.005206 seconds.
Begin MonoManager ReloadAssembly
Native extension for WindowsStandalone target not found
Native extension for WebGL target not found
Refreshing native plugins compatible for Editor in 0.51 ms, found 2 plugins.
Preloading 0 native plugins for Editor in 0.00 ms.
Mono: successfully reloaded assembly
- Completed reload, in  1.050 seconds
Platform modules already initialized, skipping
Shader 'Universal Render Pipeline/Particles/Lit': fallback shader 'Universal Render Pipeline/Particles/SimpleLit' not found
Refreshing native plugins compatible for Editor in 0.50 ms, found 2 plugins.
Preloading 0 native plugins for Editor in 0.00 ms.
Unloading 2586 Unused Serialized files (Serialized files now loaded: 0)
System memory in use before: 120.7 MB.
System memory in use after: 120.9 MB.

Unloading 14 unused Assets to reduce memory usage. Loaded Objects now: 3319.
Total: 2.462000 ms (FindLiveObjects: 0.286200 ms CreateObjectMapping: 0.122900 ms MarkObjects: 2.033800 ms  DeleteObjects: 0.018400 ms)

========================================================================
Received Import Request.
  Time since last request: 90.213476 seconds.
  path: Assets/Prefabs/BrickPrefab.prefab
  artifactKey: Guid(63f25b9733d2bcd4fa2ff6de1264c739) Importer(815301076,1909f56bfc062723c751e8b465ee728b)
Start importing Assets/Prefabs/BrickPrefab.prefab using Guid(63f25b9733d2bcd4fa2ff6de1264c739) Importer(815301076,1909f56bfc062723c751e8b465ee728b)  -> (artifact id: '14c0ab4629d45748b23c78283eedb89f') in 0.175651 seconds
  Import took 0.180696 seconds .

========================================================================
Received Prepare
Registering precompiled user dll's ...
Registered in 0.005655 seconds.
Begin MonoManager ReloadAssembly
Native extension for WindowsStandalone target not found
Native extension for WebGL target not found
Refreshing native plugins compatible for Editor in 0.51 ms, found 2 plugins.
Preloading 0 native plugins for Editor in 0.00 ms.
Mono: successfully reloaded assembly
- Completed reload, in  1.058 seconds
Platform modules already initialized, skipping
Shader 'Universal Render Pipeline/Particles/Lit': fallback shader 'Universal Render Pipeline/Particles/SimpleLit' not found
Refreshing native plugins compatible for Editor in 0.50 ms, found 2 plugins.
Preloading 0 native plugins for Editor in 0.00 ms.
Unloading 2586 Unused Serialized files (Serialized files now loaded: 0)
System memory in use before: 120.8 MB.
System memory in use after: 121.0 MB.

Unloading 14 unused Assets to reduce memory usage. Loaded Objects now: 3359.
Total: 3.408300 ms (FindLiveObjects: 0.319900 ms CreateObjectMapping: 0.132500 ms MarkObjects: 2.936400 ms  DeleteObjects: 0.018300 ms)

========================================================================
Received Prepare
Registering precompiled user dll's ...
Registered in 0.005334 seconds.
Begin MonoManager ReloadAssembly
Native extension for WindowsStandalone target not found
Native extension for WebGL target not found
Refreshing native plugins compatible for Editor in 0.50 ms, found 2 plugins.
Preloading 0 native plugins for Editor in 0.00 ms.
Mono: successfully reloaded assembly
- Completed reload, in  1.050 seconds
Platform modules already initialized, skipping
Shader 'Universal Render Pipeline/Particles/Lit': fallback shader 'Universal Render Pipeline/Particles/SimpleLit' not found
Refreshing native plugins compatible for Editor in 0.48 ms, found 2 plugins.
Preloading 0 native plugins for Editor in 0.00 ms.
Unloading 2586 Unused Serialized files (Serialized files now loaded: 0)
System memory in use before: 120.8 MB.
System memory in use after: 121.0 MB.

Unloading 14 unused Assets to reduce memory usage. Loaded Objects now: 3362.
Total: 2.764900 ms (FindLiveObjects: 0.289000 ms CreateObjectMapping: 0.125800 ms MarkObjects: 2.328300 ms  DeleteObjects: 0.020600 ms)

========================================================================
Received Prepare
Registering precompiled user dll's ...
Registered in 0.005498 seconds.
Begin MonoManager ReloadAssembly
Native extension for WindowsStandalone target not found
Native extension for WebGL target not found
Refreshing native plugins compatible for Editor in 0.47 ms, found 2 plugins.
Preloading 0 native plugins for Editor in 0.00 ms.
Mono: successfully reloaded assembly
- Completed reload, in  0.999 seconds
Platform modules already initialized, skipping
Shader 'Universal Render Pipeline/Particles/Lit': fallback shader 'Universal Render Pipeline/Particles/SimpleLit' not found
Refreshing native plugins compatible for Editor in 0.50 ms, found 2 plugins.
Preloading 0 native plugins for Editor in 0.00 ms.
Unloading 2586 Unused Serialized files (Serialized files now loaded: 0)
System memory in use before: 120.8 MB.
System memory in use after: 121.0 MB.

Unloading 14 unused Assets to reduce memory usage. Loaded Objects now: 3365.
Total: 2.509800 ms (FindLiveObjects: 0.262600 ms CreateObjectMapping: 0.109400 ms MarkObjects: 2.117600 ms  DeleteObjects: 0.019100 ms)

========================================================================
Received Import Request.
  Time since last request: 397.215557 seconds.
  path: Assets/Scripts/GameManager.cs
  artifactKey: Guid(501cca6f0873bdb409515af1cafe88f3) Importer(815301076,1909f56bfc062723c751e8b465ee728b)
Start importing Assets/Scripts/GameManager.cs using Guid(501cca6f0873bdb409515af1cafe88f3) Importer(815301076,1909f56bfc062723c751e8b465ee728b)  -> (artifact id: '08909560819fa9786475c2e441c83a0f') in 0.005322 seconds
  Import took 0.010813 seconds .

========================================================================
Received Prepare
Registering precompiled user dll's ...
Registered in 0.005219 seconds.
Begin MonoManager ReloadAssembly
Native extension for WindowsStandalone target not found
Native extension for WebGL target not found
Refreshing native plugins compatible for Editor in 0.49 ms, found 2 plugins.
Preloading 0 native plugins for Editor in 0.00 ms.
Mono: successfully reloaded assembly
- Completed reload, in  1.060 seconds
Platform modules already initialized, skipping
Shader 'Universal Render Pipeline/Particles/Lit': fallback shader 'Universal Render Pipeline/Particles/SimpleLit' not found
Refreshing native plugins compatible for Editor in 0.48 ms, found 2 plugins.
Preloading 0 native plugins for Editor in 0.00 ms.
Unloading 2586 Unused Serialized files (Serialized files now loaded: 0)
System memory in use before: 120.8 MB.
System memory in use after: 121.1 MB.

Unloading 14 unused Assets to reduce memory usage. Loaded Objects now: 3368.
Total: 2.393800 ms (FindLiveObjects: 0.249000 ms CreateObjectMapping: 0.106500 ms MarkObjects: 2.019800 ms  DeleteObjects: 0.017500 ms)

========================================================================
Received Prepare
Registering precompiled user dll's ...
Registered in 0.005487 seconds.
Begin MonoManager ReloadAssembly
Native extension for WindowsStandalone target not found
Native extension for WebGL target not found
Refreshing native plugins compatible for Editor in 0.48 ms, found 2 plugins.
Preloading 0 native plugins for Editor in 0.00 ms.
Mono: successfully reloaded assembly
- Completed reload, in  1.005 seconds
Platform modules already initialized, skipping
Shader 'Universal Render Pipeline/Particles/Lit': fallback shader 'Universal Render Pipeline/Particles/SimpleLit' not found
Refreshing native plugins compatible for Editor in 0.48 ms, found 2 plugins.
Preloading 0 native plugins for Editor in 0.00 ms.
Unloading 2586 Unused Serialized files (Serialized files now loaded: 0)
System memory in use before: 120.8 MB.
System memory in use after: 121.1 MB.

Unloading 14 unused Assets to reduce memory usage. Loaded Objects now: 3371.
Total: 2.474200 ms (FindLiveObjects: 0.266200 ms CreateObjectMapping: 0.121300 ms MarkObjects: 2.065100 ms  DeleteObjects: 0.020800 ms)

========================================================================
Received Import Request.
  Time since last request: 78.428144 seconds.
  path: Assets/Scenes/Start Menu.unity
  artifactKey: Guid(57d0cf2ebe1711544b0afa7ccb463b10) Importer(815301076,1909f56bfc062723c751e8b465ee728b)
Start importing Assets/Scenes/Start Menu.unity using Guid(57d0cf2ebe1711544b0afa7ccb463b10) Importer(815301076,1909f56bfc062723c751e8b465ee728b)  -> (artifact id: '419c9a5013e6712fe6242fd53612737d') in 0.027720 seconds
  Import took 0.032615 seconds .

========================================================================
Received Prepare
Registering precompiled user dll's ...
Registered in 0.005277 seconds.
Begin MonoManager ReloadAssembly
Native extension for WindowsStandalone target not found
Native extension for WebGL target not found
Refreshing native plugins compatible for Editor in 0.48 ms, found 2 plugins.
Preloading 0 native plugins for Editor in 0.00 ms.
Mono: successfully reloaded assembly
- Completed reload, in  1.007 seconds
Platform modules already initialized, skipping
Shader 'Universal Render Pipeline/Particles/Lit': fallback shader 'Universal Render Pipeline/Particles/SimpleLit' not found
Refreshing native plugins compatible for Editor in 0.49 ms, found 2 plugins.
Preloading 0 native plugins for Editor in 0.00 ms.
Unloading 2586 Unused Serialized files (Serialized files now loaded: 0)
System memory in use before: 120.8 MB.
System memory in use after: 121.1 MB.

Unloading 14 unused Assets to reduce memory usage. Loaded Objects now: 3374.
Total: 2.541200 ms (FindLiveObjects: 0.264700 ms CreateObjectMapping: 0.112600 ms MarkObjects: 2.144700 ms  DeleteObjects: 0.018000 ms)

========================================================================
Received Prepare
Registering precompiled user dll's ...
Registered in 0.005699 seconds.
Begin MonoManager ReloadAssembly
Native extension for WindowsStandalone target not found
Native extension for WebGL target not found
Refreshing native plugins compatible for Editor in 0.47 ms, found 2 plugins.
Preloading 0 native plugins for Editor in 0.00 ms.
Mono: successfully reloaded assembly
- Completed reload, in  0.970 seconds
Platform modules already initialized, skipping
Shader 'Universal Render Pipeline/Particles/Lit': fallback shader 'Universal Render Pipeline/Particles/SimpleLit' not found
Refreshing native plugins compatible for Editor in 0.48 ms, found 2 plugins.
Preloading 0 native plugins for Editor in 0.00 ms.
Unloading 2586 Unused Serialized files (Serialized files now loaded: 0)
System memory in use before: 120.8 MB.
System memory in use after: 121.1 MB.

Unloading 14 unused Assets to reduce memory usage. Loaded Objects now: 3377.
Total: 2.395300 ms (FindLiveObjects: 0.273600 ms CreateObjectMapping: 0.125100 ms MarkObjects: 1.977100 ms  DeleteObjects: 0.018600 ms)

AssetImportWorkerClient::OnTransportError - code=2 error=End of file
